2023-08-01 17:36:32 ============== Email sending task start ===============
2023-08-01 17:36:39 | Success: Registration Email sent to partner successfully mail2pkarn@gmail.com
2023-08-01 17:38:27 ============== Email sending task start ===============
2023-08-01 17:38:43 | Success: Registration Email sent to partner successfully mail2pkarn@gmail.com
2023-08-01 17:38:43 ============== pkarn@live.in Email sending task start ===============
2023-08-01 17:38:49 | Success: Registration Email sent to partner successfully pkarn@live.in
2023-08-01 17:51:07 ============== Order Email sending task start ===============
2023-08-01 17:51:13 | Success: Order email sent to partner successfully mail2pkarn@gmail.com
2023-08-01 17:57:54 ============== Order Email sending task start ===============
2023-08-01 17:58:00 | Success: Order email sent to partner successfully mail2pkarn@gmail.com
2023-08-01 17:58:00 ================== End ==================

2023-08-01 18:26:37 ============== Order Email sending task start ===============
2023-08-01 18:26:47 | Success: Order email sent to partner successfully mail2pkarn@gmail.com
2023-08-01 18:26:47 ================== End ==================

2023-08-01 18:31:57 ============== Order Email sending task start ===============
2023-08-01 18:32:03 | Success: Order email sent to partner successfully mail2pkarn@gmail.com
2023-08-01 18:32:03 ================== End ==================

2023-08-02 16:21:27 ============== Order Email sending task start ===============
2023-08-02 16:21:38 | Success: Order email sent to partner successfully mail2pkarn@gmail.com
2023-08-02 16:21:38 ================== End ==================

2023-08-02 16:32:05 ============== Order Email sending task start ===============
2023-08-02 16:32:12 | Success: Order email sent to partner successfully mail2pkarn@gmail.com
2023-08-02 16:32:12 ================== End ==================

2023-08-02 16:33:51 ============== Order Email sending task start ===============
2023-08-02 16:33:59 | Success: Order email sent to partner successfully mail2pkarn@gmail.com
2023-08-02 16:33:59 ================== End ==================

2023-08-14 15:08:18 ============== Order Email sending task start ===============
2023-08-14 15:08:25 | Success: Order email sent to partner successfully tirhutalipi@gmail.com
2023-08-14 15:08:25 ================== End ==================

2023-08-16 12:33:41 ============== Order Email sending task start ===============
2023-08-16 12:33:50 | Success: Order email sent to partner successfully pkarn@live.in
2023-08-16 12:33:50 ================== End ==================

